{"contracts/Feedback.sol":{"l":{"18":3,"19":3,"21":3,"25":3,"26":1,"29":2,"31":2,"33":2,"42":1,"51":1},"path":"/Users/vojtechsimetka/logos-labs/the-outlet/packages/contracts/contracts/Feedback.sol","s":{"1":3,"2":3,"3":2,"4":2,"5":1,"6":1},"b":{"1":[1,2]},"f":{"1":3,"2":3,"3":1},"fnMap":{"1":{"name":"constructor","line":17,"loc":{"start":{"line":17,"column":4},"end":{"line":22,"column":4}}},"2":{"name":"joinGroup","line":24,"loc":{"start":{"line":24,"column":4},"end":{"line":34,"column":4}}},"3":{"name":"sendFeedback","line":36,"loc":{"start":{"line":36,"column":4},"end":{"line":52,"column":4}}}},"statementMap":{"1":{"start":{"line":21,"column":8},"end":{"line":21,"column":59}},"2":{"start":{"line":25,"column":8},"end":{"line":25,"column":711}},"3":{"start":{"line":29,"column":8},"end":{"line":29,"column":55}},"4":{"start":{"line":33,"column":8},"end":{"line":33,"column":50}},"5":{"start":{"line":42,"column":8},"end":{"line":42,"column":1162}},"6":{"start":{"line":51,"column":8},"end":{"line":51,"column":34}}},"branchMap":{"1":{"line":25,"type":"if","locations":[{"start":{"line":25,"column":8},"end":{"line":25,"column":8}},{"start":{"line":25,"column":8},"end":{"line":25,"column":8}}]}}}}